# JRE version: OpenJDK Runtime Environment Temurin-17.0.5+8 (17.0.5+8) (build 17.0.5+8)
# Java VM: OpenJDK 64-Bit Server VM Temurin-17.0.5+8 (17.0.5+8, mixed mode, emulated-client, tiered, compressed oops, compressed class ptrs, g1 gc, windows-amd64)
GC Precious Log:
 CPUs: 4 total, 4 available
 Memory: 3970M
 Large Page Support: Disabled
 NUMA Support: Disabled
 Compressed Oops: Enabled (32-bit)
 Heap Region Size: 1M
 Heap Min Capacity: 8M
 Heap Initial Capacity: 64M
 Heap Max Capacity: 994M
 Pre-touch: Disabled
 Parallel Workers: 4
 Concurrent Workers: 1
 Concurrent Refinement Workers: 4
 Periodic GC: Disabled
Heap:
 garbage-first heap   total 137216K, used 39935K [0x00000000c1e00000, 0x0000000100000000)
  region size 1024K, 1 young (1024K), 0 survivors (0K)
 Metaspace       used 64665K, committed 65088K, reserved 1105920K
  class space    used 8713K, committed 8896K, reserved 1048576K
GC Heap History (20 events):
Event: 5237.970 GC heap before
{Heap before GC invocations=342 (full 271):
 garbage-first heap   total 137216K, used 39935K [0x00000000c1e00000, 0x0000000100000000)
  region size 1024K, 1 young (1024K), 0 survivors (0K)
 Metaspace       used 64665K, committed 65088K, reserved 1105920K
  class space    used 8713K, committed 8896K, reserved 1048576K
}
Event: 5238.017 GC heap after
{Heap after GC invocations=343 (full 272):
 garbage-first heap   total 137216K, used 39935K [0x00000000c1e00000, 0x0000000100000000)
  region size 1024K, 0 young (0K), 0 survivors (0K)
 Metaspace       used 64665K, committed 65088K, reserved 1105920K
  class space    used 8713K, committed 8896K, reserved 1048576K
}
Event: 5249.166 GC heap before
{Heap before GC invocations=343 (full 272):
 garbage-first heap   total 137216K, used 39935K [0x00000000c1e00000, 0x0000000100000000)
  region size 1024K, 1 young (1024K), 0 survivors (0K)
 Metaspace       used 64665K, committed 65088K, reserved 1105920K
  class space    used 8713K, committed 8896K, reserved 1048576K
}
Event: 5249.222 GC heap after
{Heap after GC invocations=344 (full 273):
 garbage-first heap   total 137216K, used 39935K [0x00000000c1e00000, 0x0000000100000000)
  region size 1024K, 0 young (0K), 0 survivors (0K)
 Metaspace       used 64665K, committed 65088K, reserved 1105920K
  class space    used 8713K, committed 8896K, reserved 1048576K
}
Event: 5260.909 GC heap before
{Heap before GC invocations=344 (full 273):
 garbage-first heap   total 137216K, used 39935K [0x00000000c1e00000, 0x0000000100000000)
  region size 1024K, 1 young (1024K), 0 survivors (0K)
 Metaspace       used 64665K, committed 65088K, reserved 1105920K
  class space    used 8713K, committed 8896K, reserved 1048576K
}
Event: 5260.964 GC heap after
{Heap after GC invocations=345 (full 274):
 garbage-first heap   total 137216K, used 39935K [0x00000000c1e00000, 0x0000000100000000)
  region size 1024K, 0 young (0K), 0 survivors (0K)
 Metaspace       used 64665K, committed 65088K, reserved 1105920K
  class space    used 8713K, committed 8896K, reserved 1048576K
}
Event: 5274.688 GC heap before
{Heap before GC invocations=345 (full 274):
 garbage-first heap   total 137216K, used 39935K [0x00000000c1e00000, 0x0000000100000000)
  region size 1024K, 1 young (1024K), 0 survivors (0K)
 Metaspace       used 64665K, committed 65088K, reserved 1105920K
  class space    used 8713K, committed 8896K, reserved 1048576K
}
Event: 5274.745 GC heap after
{Heap after GC invocations=346 (full 275):
 garbage-first heap   total 137216K, used 39935K [0x00000000c1e00000, 0x0000000100000000)
  region size 1024K, 0 young (0K), 0 survivors (0K)
 Metaspace       used 64665K, committed 65088K, reserved 1105920K
  class space    used 8713K, committed 8896K, reserved 1048576K
}
Event: 5288.449 GC heap before
{Heap before GC invocations=346 (full 275):
 garbage-first heap   total 137216K, used 39935K [0x00000000c1e00000, 0x0000000100000000)
  region size 1024K, 1 young (1024K), 0 survivors (0K)
 Metaspace       used 64665K, committed 65088K, reserved 1105920K
  class space    used 8713K, committed 8896K, reserved 1048576K
}
Event: 5288.500 GC heap after
{Heap after GC invocations=347 (full 276):
 garbage-first heap   total 137216K, used 39935K [0x00000000c1e00000, 0x0000000100000000)
  region size 1024K, 0 young (0K), 0 survivors (0K)
 Metaspace       used 64665K, committed 65088K, reserved 1105920K
  class space    used 8713K, committed 8896K, reserved 1048576K
}
Event: 5298.958 GC heap before
{Heap before GC invocations=347 (full 276):
 garbage-first heap   total 137216K, used 39935K [0x00000000c1e00000, 0x0000000100000000)
  region size 1024K, 1 young (1024K), 0 survivors (0K)
 Metaspace       used 64665K, committed 65088K, reserved 1105920K
  class space    used 8713K, committed 8896K, reserved 1048576K
}
Event: 5299.015 GC heap after
{Heap after GC invocations=348 (full 277):
 garbage-first heap   total 137216K, used 39935K [0x00000000c1e00000, 0x0000000100000000)
  region size 1024K, 0 young (0K), 0 survivors (0K)
 Metaspace       used 64665K, committed 65088K, reserved 1105920K
  class space    used 8713K, committed 8896K, reserved 1048576K
}
Event: 5309.405 GC heap before
{Heap before GC invocations=348 (full 277):
 garbage-first heap   total 137216K, used 39935K [0x00000000c1e00000, 0x0000000100000000)
  region size 1024K, 1 young (1024K), 0 survivors (0K)
 Metaspace       used 64665K, committed 65088K, reserved 1105920K
  class space    used 8713K, committed 8896K, reserved 1048576K
}
Event: 5309.459 GC heap after
{Heap after GC invocations=349 (full 278):
 garbage-first heap   total 137216K, used 39935K [0x00000000c1e00000, 0x0000000100000000)
  region size 1024K, 0 young (0K), 0 survivors (0K)
 Metaspace       used 64665K, committed 65088K, reserved 1105920K
  class space    used 8713K, committed 8896K, reserved 1048576K
}
Event: 5319.638 GC heap before
{Heap before GC invocations=349 (full 278):
 garbage-first heap   total 137216K, used 39935K [0x00000000c1e00000, 0x0000000100000000)
  region size 1024K, 1 young (1024K), 0 survivors (0K)
 Metaspace       used 64665K, committed 65088K, reserved 1105920K
  class space    used 8713K, committed 8896K, reserved 1048576K
}
Event: 5319.685 GC heap after
{Heap after GC invocations=350 (full 279):
 garbage-first heap   total 137216K, used 39935K [0x00000000c1e00000, 0x0000000100000000)
  region size 1024K, 0 young (0K), 0 survivors (0K)
 Metaspace       used 64665K, committed 65088K, reserved 1105920K
  class space    used 8713K, committed 8896K, reserved 1048576K
}
Event: 5332.107 GC heap before
{Heap before GC invocations=350 (full 279):
 garbage-first heap   total 137216K, used 39935K [0x00000000c1e00000, 0x0000000100000000)
  region size 1024K, 1 young (1024K), 0 survivors (0K)
 Metaspace       used 64665K, committed 65088K, reserved 1105920K
  class space    used 8713K, committed 8896K, reserved 1048576K
}
Event: 5332.167 GC heap after
{Heap after GC invocations=351 (full 280):
 garbage-first heap   total 137216K, used 39935K [0x00000000c1e00000, 0x0000000100000000)
  region size 1024K, 0 young (0K), 0 survivors (0K)
 Metaspace       used 64665K, committed 65088K, reserved 1105920K
  class space    used 8713K, committed 8896K, reserved 1048576K
}
Event: 5344.397 GC heap before
{Heap before GC invocations=351 (full 280):
 garbage-first heap   total 137216K, used 39935K [0x00000000c1e00000, 0x0000000100000000)
  region size 1024K, 1 young (1024K), 0 survivors (0K)
 Metaspace       used 64665K, committed 65088K, reserved 1105920K
  class space    used 8713K, committed 8896K, reserved 1048576K
}
Event: 5344.450 GC heap after
{Heap after GC invocations=352 (full 281):
 garbage-first heap   total 137216K, used 39935K [0x00000000c1e00000, 0x0000000100000000)
  region size 1024K, 0 young (0K), 0 survivors (0K)
 Metaspace       used 64665K, committed 65088K, reserved 1105920K
  class space    used 8713K, committed 8896K, reserved 1048576K
}

